Using pre-set license
Built from '2023.2/staging' branch; Version is '2023.2.2f1 (dfe9eb92cac5) revision 14674411'; Using compiler version '193431935'; Build Type 'Release'
OS: 'Windows 11  (10.0.22631) 64bit Core' Language: 'ja' Physical Memory: 16114 MB
BatchMode: 1, IsHumanControllingUs: 0, StartBugReporterOnCrash: 0, Is64bit: 1, IsPro: 1

COMMAND LINE ARGUMENTS:
C:\Program Files\Unity\Hub\Editor\2023.2.2f1\Editor\Unity.exe
-adb2
-batchMode
-noUpm
-name
AssetImportWorker5
-projectPath
C:/Users/rhyth/Github/GitHub/TitleUndefinedSideScrollAction
-logFile
Logs/AssetImportWorker5.log
-srvPort
61306
-job-worker-count
7
-background-job-worker-count
8
-asset-garbage-collectors
1
Successfully changed project path to: C:/Users/rhyth/Github/GitHub/TitleUndefinedSideScrollAction
C:/Users/rhyth/Github/GitHub/TitleUndefinedSideScrollAction
[UnityMemory] Configuration Parameters - Can be set up in boot.config
    "memorysetup-bucket-allocator-granularity=16"
    "memorysetup-bucket-allocator-bucket-count=8"
    "memorysetup-bucket-allocator-block-size=33554432"
    "memorysetup-bucket-allocator-block-count=8"
    "memorysetup-main-allocator-block-size=16777216"
    "memorysetup-thread-allocator-block-size=16777216"
    "memorysetup-gfx-main-allocator-block-size=16777216"
    "memorysetup-gfx-thread-allocator-block-size=16777216"
    "memorysetup-cache-allocator-block-size=4194304"
    "memorysetup-typetree-allocator-block-size=2097152"
    "memorysetup-profiler-bucket-allocator-granularity=16"
    "memorysetup-profiler-bucket-allocator-bucket-count=8"
    "memorysetup-profiler-bucket-allocator-block-size=33554432"
    "memorysetup-profiler-bucket-allocator-block-count=8"
    "memorysetup-profiler-allocator-block-size=16777216"
    "memorysetup-profiler-editor-allocator-block-size=1048576"
    "memorysetup-temp-allocator-size-main=16777216"
    "memorysetup-job-temp-allocator-block-size=2097152"
    "memorysetup-job-temp-allocator-block-size-background=1048576"
    "memorysetup-job-temp-allocator-reduction-small-platforms=262144"
    "memorysetup-allocator-temp-initial-block-size-main=262144"
    "memorysetup-allocator-temp-initial-block-size-worker=262144"
    "memorysetup-temp-allocator-size-background-worker=32768"
    "memorysetup-temp-allocator-size-job-worker=262144"
    "memorysetup-temp-allocator-size-preload-manager=33554432"
    "memorysetup-temp-allocator-size-nav-mesh-worker=65536"
    "memorysetup-temp-allocator-size-audio-worker=65536"
    "memorysetup-temp-allocator-size-cloud-worker=32768"
    "memorysetup-temp-allocator-size-gi-baking-worker=262144"
    "memorysetup-temp-allocator-size-gi-baking-worker=262144"
    "memorysetup-temp-allocator-size-gi-baking-worker=262144"
    "memorysetup-temp-allocator-size-gi-baking-worker=262144"
    "memorysetup-temp-allocator-size-gfx=262144"
Player connection [10268] Host "[IP] 10.76.10.160 [Port] 0 [Flags] 2 [Guid] 811012699 [EditorId] 811012699 [Version] 1048832 [Id] WindowsEditor(7,ƒVƒbƒeƒ€‚Ì” ) [Debug] 1 [PackageName] WindowsEditor [ProjectName] Editor" joined multi-casting on [225.0.0.222:54997]...
Player connection [10268] Host "[IP] 10.76.10.160 [Port] 0 [Flags] 2 [Guid] 811012699 [EditorId] 811012699 [Version] 1048832 [Id] WindowsEditor(7,ƒVƒbƒeƒ€‚Ì” ) [Debug] 1 [PackageName] WindowsEditor [ProjectName] Editor" joined alternative multi-casting on [225.0.0.222:34997]...
JobSystem: Creating JobQueue using job-worker-count value 7
[Physics::Module] Initialized MultithreadedJobDispatcher with 7 workers.
Library Redirect Path: Library/
Refreshing native plugins compatible for Editor in 0.82 ms, found 3 plugins.
Preloading 0 native plugins for Editor in 0.00 ms.
Initialize engine version: 2023.2.2f1 (dfe9eb92cac5)
[Subsystems] Discovering subsystems at path C:/Program Files/Unity/Hub/Editor/2023.2.2f1/Editor/Data/Resources/UnitySubsystems
[Subsystems] Discovering subsystems at path C:/Users/rhyth/Github/GitHub/TitleUndefinedSideScrollAction/Assets
GfxDevice: creating device client; kGfxThreadingModeNonThreaded
Direct3D:
    Version:  Direct3D 11.0 [level 11.1]
    Renderer: NVIDIA GeForce RTX 3060 Laptop GPU (ID=0x2560)
    Vendor:   NVIDIA
    VRAM:     5996 MB
    Driver:   32.0.15.6590
Initialize mono
Mono path[0] = 'C:/Program Files/Unity/Hub/Editor/2023.2.2f1/Editor/Data/Managed'
Mono path[1] = 'C:/Program Files/Unity/Hub/Editor/2023.2.2f1/Editor/Data/MonoBleedingEdge/lib/mono/unityjit-win32'
Mono config path = 'C:/Program Files/Unity/Hub/Editor/2023.2.2f1/Editor/Data/MonoBleedingEdge/etc'
Using monoOptions --debugger-agent=transport=dt_socket,embedding=1,server=y,suspend=n,address=127.0.0.1:56720
Begin MonoManager ReloadAssembly
C:\build\output\Unity-Technologies\mono\mono\metadata\icall.c:1842:
C:\build\output\Unity-Technologies\mono\mono\metadata\icall.c:1842:
C:\build\output\Unity-Technologies\mono\mono\metadata\icall.c:1842:
C:\build\output\Unity-Technologies\mono\mono\metadata\icall.c:1842:
C:\build\output\Unity-Technologies\mono\mono\metadata\icall.c:1842:
C:\build\output\Unity-Technologies\mono\mono\metadata\icall.c:1842:
C:\build\output\Unity-Technologies\mono\mono\metadata\icall.c:1842:
C:\build\output\Unity-Technologies\mono\mono\metadata\icall.c:1842:
C:\build\output\Unity-Technologies\mono\mono\metadata\icall.c:1842:
C:\build\output\Unity-Technologies\mono\mono\metadata\icall.c:1842:
Registering precompiled unity dll's ...
Register platform support module: C:/Program Files/Unity/Hub/Editor/2023.2.2f1/Editor/Data/PlaybackEngines/WindowsStandaloneSupport/UnityEditor.WindowsStandalone.Extensions.dll
Registered in 0.001932 seconds.
- Loaded All Assemblies, in  0.322 seconds
Native extension for WindowsStandalone target not found
Mono: successfully reloaded assembly
C:\build\output\Unity-Technologies\mono\mono\metadata\icall.c:1842:
C:\build\output\Unity-Technologies\mono\mono\metadata\icall.c:1842:
- Finished resetting the current domain, in  0.263 seconds
Domain Reload Profiling: 584ms
	BeginReloadAssembly (110ms)
		ExecutionOrderSort (0ms)
		DisableScriptedObjects (0ms)
		BackupInstance (0ms)
		ReleaseScriptingObjects (0ms)
		CreateAndSetChildDomain (1ms)
	RebuildCommonClasses (32ms)
	RebuildNativeTypeToScriptingClass (11ms)
	initialDomainReloadingComplete (40ms)
	LoadAllAssembliesAndSetupDomain (128ms)
		LoadAssemblies (108ms)
		RebuildTransferFunctionScriptingTraits (0ms)
		AnalyzeDomain (126ms)
			TypeCache.Refresh (125ms)
				TypeCache.ScanAssembly (113ms)
			BuildScriptInfoCaches (0ms)
			ResolveRequiredComponents (0ms)
	FinalizeReload (263ms)
		ReleaseScriptCaches (0ms)
		RebuildScriptCaches (0ms)
		SetupLoadedEditorAssemblies (218ms)
			LogAssemblyErrors (0ms)
			InitializePlatformSupportModulesInManaged (9ms)
			SetLoadedEditorAssemblies (5ms)
			BeforeProcessingInitializeOnLoad (7ms)
			ProcessInitializeOnLoadAttributes (158ms)
			ProcessInitializeOnLoadMethodAttributes (40ms)
			AfterProcessingInitializeOnLoad (0ms)
			EditorAssembliesLoaded (0ms)
		ExecutionOrderSort2 (0ms)
		AwakeInstancesAfterBackupRestoration (0ms)
========================================================================
Worker process is ready to serve import requests
Import Worker Mode flag is 0x00
Begin MonoManager ReloadAssembly
C:\build\output\Unity-Technologies\mono\mono\metadata\icall.c:1842:
C:\build\output\Unity-Technologies\mono\mono\metadata\icall.c:1842:
C:\build\output\Unity-Technologies\mono\mono\metadata\icall.c:1842:
C:\build\output\Unity-Technologies\mono\mono\metadata\icall.c:1842:
C:\build\output\Unity-Technologies\mono\mono\metadata\icall.c:1842:
C:\build\output\Unity-Technologies\mono\mono\metadata\icall.c:1842:
C:\build\output\Unity-Technologies\mono\mono\metadata\icall.c:1842:
C:\build\output\Unity-Technologies\mono\mono\metadata\icall.c:1842:
C:\build\output\Unity-Technologies\mono\mono\metadata\icall.c:1842:
C:\build\output\Unity-Technologies\mono\mono\metadata\icall.c:1842:
C:\build\output\Unity-Technologies\mono\mono\metadata\icall.c:1842:
C:\build\output\Unity-Technologies\mono\mono\metadata\icall.c:1842:
Symbol file LoadedFromMemory doesn't match image C:\Users\rhyth\Github\GitHub\TitleUndefinedSideScrollAction\Library\PackageCache\com.unity.visualscripting@1.8.0\Editor\VisualScripting.Core\Dependencies\YamlDotNet\Unity.VisualScripting.YamlDotNet.dll
Symbol file LoadedFromMemory doesn't match image C:\Users\rhyth\Github\GitHub\TitleUndefinedSideScrollAction\Library\PackageCache\com.unity.visualscripting@1.8.0\Editor\VisualScripting.Core\Dependencies\DotNetZip\Unity.VisualScripting.IonicZip.dll
- Loaded All Assemblies, in  0.742 seconds
Refreshing native plugins compatible for Editor in 0.52 ms, found 3 plugins.
Native extension for WindowsStandalone target not found
Mono: successfully reloaded assembly
- Finished resetting the current domain, in  0.630 seconds
Domain Reload Profiling: 1370ms
	BeginReloadAssembly (284ms)
		ExecutionOrderSort (0ms)
		DisableScriptedObjects (5ms)
		BackupInstance (0ms)
		ReleaseScriptingObjects (0ms)
		CreateAndSetChildDomain (29ms)
	RebuildCommonClasses (32ms)
	RebuildNativeTypeToScriptingClass (11ms)
	initialDomainReloadingComplete (34ms)
	LoadAllAssembliesAndSetupDomain (378ms)
		LoadAssemblies (286ms)
		RebuildTransferFunctionScriptingTraits (0ms)
		AnalyzeDomain (178ms)
			TypeCache.Refresh (142ms)
				TypeCache.ScanAssembly (128ms)
			BuildScriptInfoCaches (26ms)
			ResolveRequiredComponents (8ms)
	FinalizeReload (631ms)
		ReleaseScriptCaches (0ms)
		RebuildScriptCaches (0ms)
		SetupLoadedEditorAssemblies (409ms)
			LogAssemblyErrors (0ms)
			InitializePlatformSupportModulesInManaged (2ms)
			SetLoadedEditorAssemblies (5ms)
			BeforeProcessingInitializeOnLoad (44ms)
			ProcessInitializeOnLoadAttributes (324ms)
			ProcessInitializeOnLoadMethodAttributes (30ms)
			AfterProcessingInitializeOnLoad (3ms)
			EditorAssembliesLoaded (0ms)
		ExecutionOrderSort2 (0ms)
		AwakeInstancesAfterBackupRestoration (5ms)
Launched and connected shader compiler UnityShaderCompiler.exe after 0.01 seconds
Refreshing native plugins compatible for Editor in 0.63 ms, found 3 plugins.
Preloading 0 native plugins for Editor in 0.00 ms.
Unloading 169 Unused Serialized files (Serialized files now loaded: 0)
Unloading 5214 unused Assets / (4.8 MB). Loaded Objects now: 5886.
Memory consumption went from 177.2 MB to 172.4 MB.
Total: 7.226000 ms (FindLiveObjects: 0.543200 ms CreateObjectMapping: 0.474600 ms MarkObjects: 4.258700 ms  DeleteObjects: 1.948500 ms)

========================================================================
Received Import Request.
  Time since last request: 148676.466781 seconds.
  path: Assets/Texture/FBXmodel/Assault3DModel/3Shooter3DModelç´ æ.png
  artifactKey: Guid(b1a62d14b4dc00a43ab4d2d428e3d640) Importer(815301076,1909f56bfc062723c751e8b465ee728b)
Start importing Assets/Texture/FBXmodel/Assault3DModel/3Shooter3DModelç´ æ.png using Guid(b1a62d14b4dc00a43ab4d2d428e3d640) Importer(815301076,1909f56bfc062723c751e8b465ee728b) (PreviewImporter) -> (artifact id: 'ec0081166175869dd0a10cd260ea6977') in 0.0809598 seconds
Number of updated asset objects reloaded before import = 0Number of asset objects unloaded after import = 2

========================================================================
Received Import Request.
  Time since last request: 2.473657 seconds.
  path: Assets/Texture/FBXmodel/airborne/ClusterCatapult3DModelç´ æ2.png
  artifactKey: Guid(f4b72733bbe61314abcc9624ed36e69a) Importer(815301076,1909f56bfc062723c751e8b465ee728b)
Start importing Assets/Texture/FBXmodel/airborne/ClusterCatapult3DModelç´ æ2.png using Guid(f4b72733bbe61314abcc9624ed36e69a) Importer(815301076,1909f56bfc062723c751e8b465ee728b) (PreviewImporter) -> (artifact id: '002569471092d2efa87afe350b674c2c') in 0.0173007 seconds
Number of updated asset objects reloaded before import = 0Number of asset objects unloaded after import = 2

========================================================================
Received Import Request.
  Time since last request: 2.764967 seconds.
  path: Assets/Texture/FBXmodel/MainStage/3Shooter3DModelç´ æ.png
  artifactKey: Guid(383d3d31acedffe44bcb8225ce6f2d88) Importer(815301076,1909f56bfc062723c751e8b465ee728b)
Start importing Assets/Texture/FBXmodel/MainStage/3Shooter3DModelç´ æ.png using Guid(383d3d31acedffe44bcb8225ce6f2d88) Importer(815301076,1909f56bfc062723c751e8b465ee728b) (PreviewImporter) -> (artifact id: 'd211edce6598106a062da196028da328') in 0.0074025 seconds
Number of updated asset objects reloaded before import = 0Number of asset objects unloaded after import = 2

========================================================================
Received Import Request.
  Time since last request: 0.000023 seconds.
  path: Assets/Texture/FBXmodel/MainStage/ClusterCatapult3DModelç´ æ1.png
  artifactKey: Guid(79d13d5bb67952540b4de0c1079728b5) Importer(815301076,1909f56bfc062723c751e8b465ee728b)
Start importing Assets/Texture/FBXmodel/MainStage/ClusterCatapult3DModelç´ æ1.png using Guid(79d13d5bb67952540b4de0c1079728b5) Importer(815301076,1909f56bfc062723c751e8b465ee728b) (PreviewImporter) -> (artifact id: '1e60dd4967fdc1d70d74b6f580e0e46f') in 0.0168822 seconds
Number of updated asset objects reloaded before import = 0Number of asset objects unloaded after import = 2

========================================================================
Received Import Request.
  Time since last request: 0.000023 seconds.
  path: Assets/Texture/FBXmodel/MainStage/Light.png
  artifactKey: Guid(34ba726d05bac6c46871a192baa7b0b4) Importer(815301076,1909f56bfc062723c751e8b465ee728b)
Start importing Assets/Texture/FBXmodel/MainStage/Light.png using Guid(34ba726d05bac6c46871a192baa7b0b4) Importer(815301076,1909f56bfc062723c751e8b465ee728b) (PreviewImporter) -> (artifact id: '220b3941489107d35d6d6b6b19770b2b') in 0.0135962 seconds
Number of updated asset objects reloaded before import = 0Number of asset objects unloaded after import = 2

========================================================================
Received Import Request.
  Time since last request: 0.000036 seconds.
  path: Assets/Texture/FBXmodel/MainStage/ClusterCatapult3DModelç´ æ2.png
  artifactKey: Guid(9139eb69686ebf5498fee403f9dec5ef) Importer(815301076,1909f56bfc062723c751e8b465ee728b)
Start importing Assets/Texture/FBXmodel/MainStage/ClusterCatapult3DModelç´ æ2.png using Guid(9139eb69686ebf5498fee403f9dec5ef) Importer(815301076,1909f56bfc062723c751e8b465ee728b) (PreviewImporter) -> (artifact id: '424c4df15f520421ff9568da4a9c8749') in 0.0109028 seconds
Number of updated asset objects reloaded before import = 0Number of asset objects unloaded after import = 2

========================================================================
Received Import Request.
  Time since last request: 0.000018 seconds.
  path: Assets/Texture/FBXmodel/MainStage/åºŠç´ ævar3.png
  artifactKey: Guid(3dda235d90ec3df4488ddd98eeb94465) Importer(815301076,1909f56bfc062723c751e8b465ee728b)
Start importing Assets/Texture/FBXmodel/MainStage/åºŠç´ ævar3.png using Guid(3dda235d90ec3df4488ddd98eeb94465) Importer(815301076,1909f56bfc062723c751e8b465ee728b) (PreviewImporter) -> (artifact id: '7befc72b4d9f137090049d5f43976474') in 0.0152298 seconds
Number of updated asset objects reloaded before import = 0Number of asset objects unloaded after import = 2

========================================================================
Received Import Request.
  Time since last request: 1.266237 seconds.
  path: Assets/Texture/FBXmodel/NormalPillar/SelectGroundç´ æv3.png
  artifactKey: Guid(a4759ae086b9a3a49955e27a5d762ce2) Importer(815301076,1909f56bfc062723c751e8b465ee728b)
Start importing Assets/Texture/FBXmodel/NormalPillar/SelectGroundç´ æv3.png using Guid(a4759ae086b9a3a49955e27a5d762ce2) Importer(815301076,1909f56bfc062723c751e8b465ee728b) (PreviewImporter) -> (artifact id: 'b1dc6da05681c73783d3f2b801346d0c') in 0.0204728 seconds
Number of updated asset objects reloaded before import = 0Number of asset objects unloaded after import = 2

========================================================================
Received Import Request.
  Time since last request: 1.492247 seconds.
  path: Assets/Texture/FBXmodel/SelectStage/ClusterCatapult3DModelç´ æ.png
  artifactKey: Guid(e810baf29ead4f74cb03a0b6eb8b3503) Importer(815301076,1909f56bfc062723c751e8b465ee728b)
Start importing Assets/Texture/FBXmodel/SelectStage/ClusterCatapult3DModelç´ æ.png using Guid(e810baf29ead4f74cb03a0b6eb8b3503) Importer(815301076,1909f56bfc062723c751e8b465ee728b) (PreviewImporter) -> (artifact id: '675d596d1c721446566f1c207953a966') in 0.0078015 seconds
Number of updated asset objects reloaded before import = 0Number of asset objects unloaded after import = 2

========================================================================
Received Import Request.
  Time since last request: 0.000019 seconds.
  path: Assets/Texture/FBXmodel/SelectStage/SelectGroundç´ æ.png
  artifactKey: Guid(09ecd3eaf963f1b4d8b94f6027f57bfb) Importer(815301076,1909f56bfc062723c751e8b465ee728b)
Start importing Assets/Texture/FBXmodel/SelectStage/SelectGroundç´ æ.png using Guid(09ecd3eaf963f1b4d8b94f6027f57bfb) Importer(815301076,1909f56bfc062723c751e8b465ee728b) (PreviewImporter) -> (artifact id: '53ad2c2f0bdfc009dd6cfc3139aa03cb') in 0.0206409 seconds
Number of updated asset objects reloaded before import = 0Number of asset objects unloaded after import = 2

========================================================================
Received Import Request.
  Time since last request: 0.000023 seconds.
  path: Assets/Texture/FBXmodel/SelectStage/åºŠç´ ævar2.png
  artifactKey: Guid(9ab11627f6aba714f9b8005ddfbe19e9) Importer(815301076,1909f56bfc062723c751e8b465ee728b)
Start importing Assets/Texture/FBXmodel/SelectStage/åºŠç´ ævar2.png using Guid(9ab11627f6aba714f9b8005ddfbe19e9) Importer(815301076,1909f56bfc062723c751e8b465ee728b) (PreviewImporter) -> (artifact id: '7e77868e439e7b65be8c047b3e099154') in 0.0194601 seconds
Number of updated asset objects reloaded before import = 0Number of asset objects unloaded after import = 2

========================================================================
Received Import Request.
  Time since last request: 1.558019 seconds.
  path: Assets/Texture/FBXmodel/Shooter3DModel/3Shooter3DModelç´ æ.png
  artifactKey: Guid(aec6051b8cb0ceb499f252adff971626) Importer(815301076,1909f56bfc062723c751e8b465ee728b)
Start importing Assets/Texture/FBXmodel/Shooter3DModel/3Shooter3DModelç´ æ.png using Guid(aec6051b8cb0ceb499f252adff971626) Importer(815301076,1909f56bfc062723c751e8b465ee728b) (PreviewImporter) -> (artifact id: 'e2c225fcc09095220616c1cc3f8a50f1') in 0.0128475 seconds
Number of updated asset objects reloaded before import = 0Number of asset objects unloaded after import = 2

========================================================================
Received Import Request.
  Time since last request: 0.000016 seconds.
  path: Assets/Texture/FBXmodel/Shooter3DModel/Shooter3DModelç´ æ.png
  artifactKey: Guid(b2370d6aba5969c45b04236f7a1511e7) Importer(815301076,1909f56bfc062723c751e8b465ee728b)
Start importing Assets/Texture/FBXmodel/Shooter3DModel/Shooter3DModelç´ æ.png using Guid(b2370d6aba5969c45b04236f7a1511e7) Importer(815301076,1909f56bfc062723c751e8b465ee728b) (PreviewImporter) -> (artifact id: '71fb94e3fc83859a30043ae32ece4fbd') in 0.0087678 seconds
Number of updated asset objects reloaded before import = 0Number of asset objects unloaded after import = 2

Editor requested this worker to shutdown with reason: Scaling down because of idle timeout
AssetImportWorker is now disconnected from the server
Process exiting
Exiting without the bug reporter. Application will terminate with return code 0